<?xml version="1.0" encoding="UTF-8"?>
<!-- Generated by org.testng.reporters.JUnitReportReporter -->
<testsuite skipped="0" hostname="sunfish.sailpoint.com" name="sailpoint.service.listfilter.UserAccessEntitlementFilterContextTests" tests="18" failures="0" timestamp="11 May 2021 16:09:46 GMT" time="0.100" errors="1">
  <testcase name="testSingleAttributeFilter" time="0.003" classname="sailpoint.service.listfilter.UserAccessEntitlementFilterContextTests"/>
  <testcase name="testValueFilter" time="0.004" classname="sailpoint.service.listfilter.UserAccessEntitlementFilterContextTests"/>
  <testcase name="testFilterContextEntitlementComboDeepLinks" time="0.007" classname="sailpoint.service.listfilter.UserAccessEntitlementFilterContextTests"/>
  <testcase name="testFilterContextEntitlementIdDeepLinks" time="0.004" classname="sailpoint.service.listfilter.UserAccessEntitlementFilterContextTests"/>
  <testcase name="testIdentityFilterTypeFilterConversion" time="0.002" classname="sailpoint.service.listfilter.UserAccessEntitlementFilterContextTests"/>
  <testcase name="testMultipleApplicationFilter" time="0.003" classname="sailpoint.service.listfilter.UserAccessEntitlementFilterContextTests"/>
  <testcase name="testListFilterServiceEntitlementComboDeepLinks" time="0.012" classname="sailpoint.service.listfilter.UserAccessEntitlementFilterContextTests"/>
  <testcase name="testFilterContextNoDefaultAttr" time="0.005" classname="sailpoint.service.listfilter.UserAccessEntitlementFilterContextTests"/>
  <testcase name="testFilterContextAppNotFound" time="0.005" classname="sailpoint.service.listfilter.UserAccessEntitlementFilterContextTests"/>
  <testcase name="testIdentityFilterWithIdPostfix" time="0.006" classname="sailpoint.service.listfilter.UserAccessEntitlementFilterContextTests"/>
  <testcase name="testSingleApplicationFilter" time="0.003" classname="sailpoint.service.listfilter.UserAccessEntitlementFilterContextTests"/>
  <testcase name="testOwnerFilter" time="0.006" classname="sailpoint.service.listfilter.UserAccessEntitlementFilterContextTests"/>
  <testcase name="testFilterContextMissingValue" time="0.001" classname="sailpoint.service.listfilter.UserAccessEntitlementFilterContextTests"/>
  <testcase name="testEntitlementFilters" time="0.018" classname="sailpoint.service.listfilter.UserAccessEntitlementFilterContextTests">
    <error type="sailpoint.tools.GeneralException" message="Expected suggest ID to equal requestEntitlementsEntitlementOwnerSuggest">
      <![CDATA[sailpoint.tools.GeneralException: Expected suggest ID to equal requestEntitlementsEntitlementOwnerSuggestat sailpoint.testng.SailPointTest.assertEqual(SailPointTest.java:155)at sailpoint.service.listfilter.ListFilterContextTestsUtil.testIdentitySuggestFilter(ListFilterContextTestsUtil.java:176)at sailpoint.service.listfilter.UserAccessEntitlementFilterContextTests.testEntitlementFilters(UserAccessEntitlementFilterContextTests.java:88)at sun.reflect.NativeMethodAccessorImpl.invoke0(Native Method)at sun.reflect.NativeMethodAccessorImpl.invoke(NativeMethodAccessorImpl.java:62)at sun.reflect.DelegatingMethodAccessorImpl.invoke(DelegatingMethodAccessorImpl.java:43)at java.lang.reflect.Method.invoke(Method.java:498)at org.testng.internal.MethodInvocationHelper.invokeMethod(MethodInvocationHelper.java:124)at org.testng.internal.Invoker.invokeMethod(Invoker.java:571)at org.testng.internal.Invoker.invokeTestMethod(Invoker.java:707)at org.testng.internal.Invoker.invokeTestMethods(Invoker.java:979)at org.testng.internal.TestMethodWorker.invokeTestMethods(TestMethodWorker.java:125)at org.testng.internal.TestMethodWorker.run(TestMethodWorker.java:109)at org.testng.TestRunner.privateRun(TestRunner.java:648)at org.testng.TestRunner.run(TestRunner.java:505)at org.testng.SuiteRunner.runTest(SuiteRunner.java:455)at org.testng.SuiteRunner.runSequentially(SuiteRunner.java:450)at org.testng.SuiteRunner.privateRun(SuiteRunner.java:415)at org.testng.SuiteRunner.run(SuiteRunner.java:364)at org.testng.SuiteRunnerWorker.runSuite(SuiteRunnerWorker.java:52)at org.testng.SuiteRunnerWorker.run(SuiteRunnerWorker.java:84)at org.testng.TestNG.runSuitesSequentially(TestNG.java:1187)at org.testng.TestNG.runSuitesLocally(TestNG.java:1116)at org.testng.TestNG.runSuites(TestNG.java:1028)at org.testng.TestNG.run(TestNG.java:996)at org.testng.TestNG.privateMain(TestNG.java:1330)at org.testng.TestNG.main(TestNG.java:1299)]]>
    </error>
  </testcase> <!-- testEntitlementFilters -->
  <testcase name="testFilterContextMissingApp" time="0.002" classname="sailpoint.service.listfilter.UserAccessEntitlementFilterContextTests"/>
  <testcase name="testMultipleAttributeFilter" time="0.004" classname="sailpoint.service.listfilter.UserAccessEntitlementFilterContextTests"/>
  <testcase name="testFilterContextTooManyAttrs" time="0.002" classname="sailpoint.service.listfilter.UserAccessEntitlementFilterContextTests"/>
  <testcase name="testListFilterServiceEntitlementIdDeepLinks" time="0.013" classname="sailpoint.service.listfilter.UserAccessEntitlementFilterContextTests"/>
</testsuite> <!-- sailpoint.service.listfilter.UserAccessEntitlementFilterContextTests -->
