<?xml version="1.0" encoding="UTF-8"?>
<!-- Generated by org.testng.reporters.JUnitReportReporter -->
<testsuite skipped="0" hostname="sunfish.sailpoint.com" name="sailpoint.rest.UserAccessUtilTests" tests="19" failures="0" timestamp="11 May 2021 16:09:46 GMT" time="2.904" errors="1">
  <testcase name="testGetPopulationFilters" time="0.994" classname="sailpoint.rest.UserAccessUtilTests"/>
  <testcase name="testDeepLinksRoles" time="0.022" classname="sailpoint.rest.UserAccessUtilTests"/>
  <testcase name="testIdentitySearch" time="0.100" classname="sailpoint.rest.UserAccessUtilTests"/>
  <testcase name="testRoles" time="0.067" classname="sailpoint.rest.UserAccessUtilTests"/>
  <testcase name="testAuthResultsInvalidRequestor" time="0.012" classname="sailpoint.rest.UserAccessUtilTests"/>
  <testcase name="testEntitlementRiskScore" time="0.074" classname="sailpoint.rest.UserAccessUtilTests"/>
  <testcase name="testRoleClassifications" time="0.031" classname="sailpoint.rest.UserAccessUtilTests"/>
  <testcase name="testExtendedAttributes" time="0.100" classname="sailpoint.rest.UserAccessUtilTests"/>
  <testcase name="testEntitlementClassifications" time="0.025" classname="sailpoint.rest.UserAccessUtilTests"/>
  <testcase name="testEntitlements" time="0.080" classname="sailpoint.rest.UserAccessUtilTests"/>
  <testcase name="testAuthResultsValidRequestor" time="0.037" classname="sailpoint.rest.UserAccessUtilTests"/>
  <testcase name="testPopulationSearch" time="0.083" classname="sailpoint.rest.UserAccessUtilTests"/>
  <testcase name="testGetQueries" time="0.000" classname="sailpoint.rest.UserAccessUtilTests"/>
  <testcase name="testGetFilters" time="1.163" classname="sailpoint.rest.UserAccessUtilTests">
    <error type="sailpoint.tools.GeneralException" message="Expected suggest ID to equal requestEntitlementsEntitlementOwnerSuggest">
      <![CDATA[sailpoint.tools.GeneralException: Expected suggest ID to equal requestEntitlementsEntitlementOwnerSuggestat sailpoint.testng.SailPointTest.assertEqual(SailPointTest.java:155)at sailpoint.rest.UserAccessUtilTests.testIdentitySuggestFilter(UserAccessUtilTests.java:878)at sailpoint.rest.UserAccessUtilTests.testGetFilters(UserAccessUtilTests.java:652)at sun.reflect.NativeMethodAccessorImpl.invoke0(Native Method)at sun.reflect.NativeMethodAccessorImpl.invoke(NativeMethodAccessorImpl.java:62)at sun.reflect.DelegatingMethodAccessorImpl.invoke(DelegatingMethodAccessorImpl.java:43)at java.lang.reflect.Method.invoke(Method.java:498)at org.testng.internal.MethodInvocationHelper.invokeMethod(MethodInvocationHelper.java:124)at org.testng.internal.Invoker.invokeMethod(Invoker.java:571)at org.testng.internal.Invoker.invokeTestMethod(Invoker.java:707)at org.testng.internal.Invoker.invokeTestMethods(Invoker.java:979)at org.testng.internal.TestMethodWorker.invokeTestMethods(TestMethodWorker.java:125)at org.testng.internal.TestMethodWorker.run(TestMethodWorker.java:109)at org.testng.TestRunner.privateRun(TestRunner.java:648)at org.testng.TestRunner.run(TestRunner.java:505)at org.testng.SuiteRunner.runTest(SuiteRunner.java:455)at org.testng.SuiteRunner.runSequentially(SuiteRunner.java:450)at org.testng.SuiteRunner.privateRun(SuiteRunner.java:415)at org.testng.SuiteRunner.run(SuiteRunner.java:364)at org.testng.SuiteRunnerWorker.runSuite(SuiteRunnerWorker.java:52)at org.testng.SuiteRunnerWorker.run(SuiteRunnerWorker.java:84)at org.testng.TestNG.runSuitesSequentially(TestNG.java:1187)at org.testng.TestNG.runSuitesLocally(TestNG.java:1116)at org.testng.TestNG.runSuites(TestNG.java:1028)at org.testng.TestNG.run(TestNG.java:996)at org.testng.TestNG.privateMain(TestNG.java:1330)at org.testng.TestNG.main(TestNG.java:1299)]]>
    </error>
  </testcase> <!-- testGetFilters -->
  <testcase name="testDeepLinksRolesEntitlements" time="0.031" classname="sailpoint.rest.UserAccessUtilTests"/>
  <testcase name="testDeepLinksEntitlements" time="0.046" classname="sailpoint.rest.UserAccessUtilTests"/>
  <testcase name="testConvertPopulationStatistics" time="0.003" classname="sailpoint.rest.UserAccessUtilTests"/>
  <testcase name="testCurrentAccess" time="0.033" classname="sailpoint.rest.UserAccessUtilTests"/>
  <testcase name="testGetIdentityFilters" time="0.003" classname="sailpoint.rest.UserAccessUtilTests"/>
</testsuite> <!-- sailpoint.rest.UserAccessUtilTests -->
